d:\программы\kg\mykg\lab5\lab5\debug\lab5.pch
d:\программы\kg\mykg\lab5\lab5\debug\vc141.pdb
d:\программы\kg\mykg\lab5\lab5\debug\vc141.idb
d:\программы\kg\mykg\lab5\lab5\debug\stdafx.obj
d:\программы\kg\mykg\lab5\lab5\debug\loadbmp.obj
d:\программы\kg\mykg\lab5\lab5\debug\glwinapp.obj
d:\программы\kg\mykg\lab5\lab5\debug\window.obj
d:\программы\kg\mykg\lab5\lab5\debug\sphere.obj
d:\программы\kg\mykg\lab5\lab5\debug\picture.obj
d:\программы\kg\mykg\lab5\lab5\debug\partialdisk.obj
d:\программы\kg\mykg\lab5\lab5\debug\main.obj
d:\программы\kg\mykg\lab5\lab5\debug\element.obj
d:\программы\kg\mykg\lab5\lab5\debug\drawingobject.obj
d:\программы\kg\mykg\lab5\lab5\debug\cylinder.obj
d:\программы\kg\mykg\lab5\debug\lab5.exe
d:\программы\kg\mykg\lab5\debug\lab5.ilk
d:\программы\kg\mykg\lab5\debug\lab5.pdb
d:\программы\kg\mykg\lab5\lab5\debug\glwinapp.res
d:\программы\kg\mykg\lab5\lab5\debug\lab5.tlog\cl.command.1.tlog
d:\программы\kg\mykg\lab5\lab5\debug\lab5.tlog\cl.read.1.tlog
d:\программы\kg\mykg\lab5\lab5\debug\lab5.tlog\cl.write.1.tlog
d:\программы\kg\mykg\lab5\lab5\debug\lab5.tlog\link.command.1.tlog
d:\программы\kg\mykg\lab5\lab5\debug\lab5.tlog\link.read.1.tlog
d:\программы\kg\mykg\lab5\lab5\debug\lab5.tlog\link.write.1.tlog
d:\программы\kg\mykg\lab5\lab5\debug\lab5.tlog\rc.command.1.tlog
d:\программы\kg\mykg\lab5\lab5\debug\lab5.tlog\rc.read.1.tlog
d:\программы\kg\mykg\lab5\lab5\debug\lab5.tlog\rc.write.1.tlog
